<?xml version="1.0" encoding="UTF-8"?>
<testsuite name="com.sudal.book.springboot.web.dto.HelloResponseDtoTest" tests="1" skipped="0" failures="0" errors="0" timestamp="2021-01-18T06:58:16" hostname="DESKTOP-9SD1D1E" time="0.002">
  <properties/>
  <testcase name="롬복_기능_테스트" classname="com.sudal.book.springboot.web.dto.HelloResponseDtoTest" time="0.002"/>
  <system-out><![CDATA[]]></system-out>
  <system-err><![CDATA[]]></system-err>
</testsuite>
